make all --print-data-base --no-builtin-variables --no-builtin-rules --question
make: *** No rule to make target 'all'.  Stop.

# GNU Make 4.2.1
# Built for x86_64-pc-linux-gnu
# Copyright (C) 1988-2016 Free Software Foundation, Inc.
# License GPLv3+: GNU GPL version 3 or later <http://gnu.org/licenses/gpl.html>
# This is free software: you are free to change and redistribute it.
# There is NO WARRANTY, to the extent permitted by law.

# Make data base, printed on Mon Jun 27 09:07:16 2022

# Variables

# 'override' directive
GNUMAKEFLAGS := 
# automatic
<D = $(patsubst %/,%,$(dir $<))
# automatic
?F = $(notdir $?)
# environment
DESKTOP_SESSION = gnome
# default
.SHELLFLAGS := -c
# environment
XDG_SESSION_CLASS = user
# environment
XDG_SESSION_TYPE = wayland
# environment
VSCODE_LOG_NATIVE = false
# automatic
?D = $(patsubst %/,%,$(dir $?))
# automatic
@D = $(patsubst %/,%,$(dir $@))
# environment
XAUTHORITY = /run/user/1000/.mutter-Xwaylandauth.XLL9N1
# environment
GDMSESSION = gnome
# environment
XMODIFIERS = @im=ibus
# makefile
CURDIR := /home/aditia/Workspaces/GO-LEARN/simple_bank
# makefile
SHELL = /bin/sh
# environment
VSCODE_NLS_CONFIG = {"locale":"en-us","availableLanguages":{},"_languagePackSupport":true}
# environment
_ = /usr/share/code/code
# environment
JOURNAL_STREAM = 8:64301
# environment
XDG_CONFIG_DIRS = /etc/xdg/xdg-gnome:/etc/xdg
# makefile (from 'Makefile', line 1)
MAKEFILE_LIST :=  Makefile
# automatic
@F = $(notdir $@)
# environment
GIO_LAUNCHED_DESKTOP_FILE = /usr/share/applications/code.desktop
# environment
USERNAME = aditia
# environment
MAKELEVEL := 0
# environment
XDG_DATA_DIRS = /usr/local/share/:/usr/share/:/var/lib/snapd/desktop
# environment
VSCODE_AMD_ENTRYPOINT = vs/workbench/api/node/extensionHostProcess
# environment
DBUS_SESSION_BUS_ADDRESS = unix:path=/run/user/1000/bus
# environment
VSCODE_VERBOSE_LOGGING = true
# environment
MANAGERPID = 3381
# environment
LESSOPEN = | /usr/bin/lesspipe %s
# environment
LC_NAME = id_ID.UTF-8
# environment
VSCODE_CWD = /home/aditia
# environment
GOPROXY = https://proxy.golang.org,direct
# default
MAKE_HOST := x86_64-pc-linux-gnu
# environment
PATH = /home/aditia/bin:/home/aditia/anaconda3/condabin:/home/aditia/go/bin:/home/aditia/bin:/usr/local/sbin:/usr/local/bin:/usr/sbin:/usr/bin:/sbin:/bin:/usr/games:/usr/local/games:/snap/bin:/usr/local/go/bin:/home/aditia/Android/Sdk/emulator:/home/aditia/Android/Sdk/tools:/home/aditia/Android/Sdk/tools/bin:/home/aditia/Android/Sdk/platform-tools:/usr/local/go/bin
# environment
GJS_DEBUG_OUTPUT = stderr
# environment
SESSION_MANAGER = local/aditia-flex:@/tmp/.ICE-unix/3590,unix/aditia-flex:/tmp/.ICE-unix/3590
# environment
XDG_RUNTIME_DIR = /run/user/1000
# environment
SSH_AGENT_LAUNCHER = gnome-keyring
# environment
GOPATH = /home/aditia/go
# environment
XDG_MENU_PREFIX = gnome-
# environment
VSCODE_LOG_STACK = false
# environment
ELECTRON_RUN_AS_NODE = 1
# environment
INVOCATION_ID = ac5b2e67fd6d4b49ac44b735713a097c
# environment
ANDROID_HOME = /home/aditia/Android/Sdk
# default
.FEATURES := target-specific order-only second-expansion else-if shortest-stem undefine oneshell archives jobserver output-sync check-symlink load
# environment
LS_COLORS = 
# environment
XDG_SESSION_DESKTOP = gnome
# environment
SSH_AUTH_SOCK = /run/user/1000/keyring/ssh
# environment
GIO_LAUNCHED_DESKTOP_FILE_PID = 18594
# automatic
%F = $(notdir $%)
# environment
DISPLAY = :0
# environment
CONDA_EXE = /home/aditia/anaconda3/bin/conda
# environment
GNOME_SETUP_DISPLAY = :1
# environment
VSCODE_PIPE_LOGGING = true
# environment
PWD = /home/aditia/Workspaces/GO-LEARN/simple_bank
# default
.LOADED := 
# environment
ORIGINAL_XDG_CURRENT_DESKTOP = GNOME
# environment
GTK_MODULES = gail:atk-bridge
# environment
GOMODCACHE = /home/aditia/go/pkg/mod
# environment
HOME = /home/aditia
# environment
LESSCLOSE = /usr/bin/lesspipe %s %s
# environment
VSCODE_CODE_CACHE_PATH = /home/aditia/.config/Code/CachedData/30d9c6cd9483b2cc586687151bcbcd635f373630
# environment
LOGNAME = aditia
# environment
APPLICATION_INSIGHTS_NO_DIAGNOSTIC_CHANNEL = 1
# automatic
+F = $(notdir $+)
# environment
VSCODE_HANDLES_UNCAUGHT_ERRORS = true
# environment
GNOME_DESKTOP_SESSION_ID = this-is-deprecated
# automatic
^D = $(patsubst %/,%,$(dir $^))
# environment
LC_TIME = id_ID.UTF-8
# default
MAKE = $(MAKE_COMMAND)
# default
MAKECMDGOALS := all
# environment
QT_IM_MODULE = ibus
# environment
SHLVL = 0
# environment
IM_CONFIG_PHASE = 1
# environment
VSCODE_IPC_HOOK_EXTHOST = /run/user/1000/vscode-ipc-15ec962a-990e-4a85-85dd-8f40b76d5d8a.sock
# default
MAKE_VERSION := 4.2.1
# environment
USER = aditia
# environment
LC_MONETARY = id_ID.UTF-8
# makefile
.DEFAULT_GOAL := postgres
# environment
XDG_CURRENT_DESKTOP = GNOME
# automatic
%D = $(patsubst %/,%,$(dir $%))
# environment
LC_TELEPHONE = id_ID.UTF-8
# environment
CONDA_SHLVL = 0
# default
MAKE_COMMAND := make
# default
.VARIABLES := 
# automatic
*F = $(notdir $*)
# environment
VSCODE_IPC_HOOK = /run/user/1000/vscode-ef2064d8-1.68.1-main.sock
# makefile
MAKEFLAGS = pqrR
# environment
MFLAGS = -pqrR
# automatic
*D = $(patsubst %/,%,$(dir $*))
# automatic
+D = $(patsubst %/,%,$(dir $+))
# environment
GDK_BACKEND = x11
# environment
LC_PAPER = id_ID.UTF-8
# environment
QT_ACCESSIBILITY = 1
# default
MAKEFILES := 
# environment
LC_NUMERIC = id_ID.UTF-8
# automatic
<F = $(notdir $<)
# environment
PS1 = \[\e[34m\]%\[\e[m\] \[\e[32m\]\W\[\e[m\] \[\e[31m\]`parse_git_branch`\[\e[m\]\[\e[34m\]\$\[\e[m\] 
# environment
LC_MEASUREMENT = id_ID.UTF-8
# environment
LC_ALL = C
# environment
CONDA_PYTHON_EXE = /home/aditia/anaconda3/bin/python
# environment
GJS_DEBUG_TOPICS = JS ERROR;JS LOG
# automatic
^F = $(notdir $^)
# default
SUFFIXES := 
# environment
WAYLAND_DISPLAY = wayland-0
# environment
_CE_M = 
# environment
CHROME_DESKTOP = code-url-handler.desktop
# default
.INCLUDE_DIRS = /usr/include /usr/local/include /usr/include
# environment
LC_IDENTIFICATION = id_ID.UTF-8
# default
.RECIPEPREFIX := 
# environment
IM_CONFIG_CHECK_ENV = 1
# environment
LC_ADDRESS = id_ID.UTF-8
# environment
LANG = C
# environment
VSCODE_PID = 18594
# environment
_CE_CONDA = 
# variable set hash-table stats:
# Load=116/1024=11%, Rehash=0, Collisions=18/141=13%

# Pattern-specific Variable Values

# No pattern-specific variable values.

# Directories

# . (device 66309, inode 6164104): 11 files, no impossibilities.

# 11 files, no impossibilities in 1 directories.

# Implicit Rules

# No implicit rules.

# Files

postgres:
#  Phony target (prerequisite of .PHONY).
#  Implicit rule search has not been done.
#  File does not exist.
#  File has not been updated.
#  recipe to execute (from 'Makefile', line 2):
	docker start postgres-docker
	# docker run --name postgres12 -p 5432:5432 -e POSTGRES_USER=root -e POSTGRES_PASSWORD=secret -d postgres:12-alpine

# Not a target:
all:
#  Command line target.
#  Implicit rule search has been done.
#  File does not exist.
#  File has not been updated.

.PHONY: postgres createdb dropdb migrateup migratedown
 
#  Implicit rule search has not been done.
#  Modification time never checked.
#  File has not been updated.

sqlc:
#  Implicit rule search has not been done.
#  Modification time never checked.
#  File has not been updated.
#  recipe to execute (from 'Makefile', line 20):
	sqlc generate

# Not a target:
Makefile:
#  Implicit rule search has been done.
#  Last modified 2022-06-20 14:48:17.417896725
#  File has been updated.
#  Successfully updated.

test:
#  Implicit rule search has not been done.
#  Modification time never checked.
#  File has not been updated.
#  recipe to execute (from 'Makefile', line 23):
	go test -v -cover ./...

createdb:
#  Phony target (prerequisite of .PHONY).
#  Implicit rule search has not been done.
#  File does not exist.
#  File has not been updated.
#  recipe to execute (from 'Makefile', line 6):
	docker exec -it postgres-docker createdb --username=postgres --owner=postgres simple_bank
	# docker exec -it postgres-docker createdb --username=root --owner=root simple_bank

# Not a target:
.DEFAULT:
#  Implicit rule search has not been done.
#  Modification time never checked.
#  File has not been updated.

dropdb:
#  Phony target (prerequisite of .PHONY).
#  Implicit rule search has not been done.
#  File does not exist.
#  File has not been updated.
#  recipe to execute (from 'Makefile', line 10):
	docker exec -it postgres-docker dropdb --username=postgres simple_bank
	# docker exec -it postgres-docker dropdb simple_bank

migrateup:
#  Phony target (prerequisite of .PHONY).
#  Implicit rule search has not been done.
#  File does not exist.
#  File has not been updated.
#  recipe to execute (from 'Makefile', line 14):
	migrate -path db/migration -database "postgresql://postgres:admin123@localhost:5432/simple_bank?sslmode=disable" -verbose up

migratedown:
#  Phony target (prerequisite of .PHONY).
#  Implicit rule search has not been done.
#  File does not exist.
#  File has not been updated.
#  recipe to execute (from 'Makefile', line 17):
	migrate -path db/migration -database "postgresql://postgres:admin123@localhost:5432/simple_bank?sslmode=disable" -verbose down

# files hash-table stats:
# Load=12/1024=1%, Rehash=0, Collisions=0/27=0%
# VPATH Search Paths

# No 'vpath' search paths.

# No general ('VPATH' variable) search path.

# strcache buffers: 1 (0) / strings = 24 / storage = 222 B / avg = 9 B
# current buf: size = 8162 B / used = 222 B / count = 24 / avg = 9 B

# strcache performance: lookups = 41 / hit rate = 41%
# hash-table stats:
# Load=24/8192=0%, Rehash=0, Collisions=1/41=2%
# Finished Make data base on Mon Jun 27 09:07:16 2022

 
